Building DAG of jobs...
Using shell: /bin/bash
Provided cores: 4
Rules claiming more threads will be scaled down.
Job stats:
job        count    min threads    max threads
-------  -------  -------------  -------------
chopper        1              1              1
total          1              1              1

Select jobs to execute...

[Sun Jul 23 17:09:40 2023]
rule chopper:
    input: /Users/gch21/ONT-pipe/test_data/20230316_1657_MN27902_FAO64683_3af5b031
    output: /Users/gch21/Desktop/ONT-pipe/test_data/20230316_1657_MN27902_FAO64683_3af5b031/Results/results_chopper
    jobid: 0
    reason: Missing output files: /Users/gch21/Desktop/ONT-pipe/test_data/20230316_1657_MN27902_FAO64683_3af5b031/Results/results_chopper
    wildcards: input=/Users/gch21/Desktop/ONT-pipe/test_data/20230316_1657_MN27902_FAO64683_3af5b031
    resources: tmpdir=/var/folders/ft/n26zr5t90g75tssl4npdvnlr0000gp/T

[Sun Jul 23 17:14:47 2023]
Finished job 0.
1 of 1 steps (100%) done
Complete log: .snakemake/log/2023-07-23T170940.314757.snakemake.log
