Building DAG of jobs...
Using shell: /bin/bash
Provided cores: 4
Rules claiming more threads will be scaled down.
Conda environments: ignored
Job stats:
job                    count    min threads    max threads
-------------------  -------  -------------  -------------
qc_reporting_fastqc        1              1              1
total                      1              1              1

Select jobs to execute...

[Tue Jul  4 20:32:16 2023]
rule qc_reporting_fastqc:
    input: /Users/gch21/Desktop/ONT-data
    output: /Users/gch21/Desktop/ONT-data/Results/fastqc_results
    jobid: 0
    reason: Missing output files: /Users/gch21/Desktop/ONT-data/Results/fastqc_results
    wildcards: input=/Users/gch21/Desktop/ONT-data
    resources: tmpdir=/var/folders/ft/n26zr5t90g75tssl4npdvnlr0000gp/T

[Tue Jul  4 20:32:16 2023]
Error in rule qc_reporting_fastqc:
    jobid: 0
    input: /Users/gch21/Desktop/ONT-data
    output: /Users/gch21/Desktop/ONT-data/Results/fastqc_results
    conda-env: fastqc
    shell:
        fastqc -t 8 -o /Users/gch21/Desktop/ONT-data/Results/fastqc_results /Users/gch21/Desktop/ONT-data/Results/fastqc_results
        (one of the commands exited with non-zero exit code; note that snakemake uses bash strict mode!)

Shutting down, this might take some time.
Exiting because a job execution failed. Look above for error message
Complete log: .snakemake/log/2023-07-04T203216.682905.snakemake.log
