Building DAG of jobs...
Using shell: /bin/bash
Provided cores: 4
Rules claiming more threads will be scaled down.
Job stats:
job             count    min threads    max threads
------------  -------  -------------  -------------
qc_reporting        1              1              1
total               1              1              1

Select jobs to execute...

[Sun Jun 25 23:05:26 2023]
rule qc_reporting:
    input: /Users/gch21/Desktop/ONT-data
    output: /Users/gch21/Desktop/ONT-pipe_results, minion_qc_results
    jobid: 0
    reason: Missing output files: minion_qc_results
    resources: tmpdir=/var/folders/ft/n26zr5t90g75tssl4npdvnlr0000gp/T

[Sun Jun 25 23:05:26 2023]
Error in rule qc_reporting:
    jobid: 0
    input: /Users/gch21/Desktop/ONT-data
    output: /Users/gch21/Desktop/ONT-pipe_results, minion_qc_results
    shell:
        Rscript packages/MinIONQC.R -i /Users/gch21/Desktop/ONT-data/sequencing_summary*.txt -o /Users/gch21/Desktop/ONT-pipe_results minion_qc_results/minion_qc_results
        (one of the commands exited with non-zero exit code; note that snakemake uses bash strict mode!)

Shutting down, this might take some time.
Exiting because a job execution failed. Look above for error message
Complete log: .snakemake/log/2023-06-25T230526.035925.snakemake.log
