Building DAG of jobs...
Using shell: /bin/bash
Provided cores: 4
Rules claiming more threads will be scaled down.
Job stats:
job             count    min threads    max threads
------------  -------  -------------  -------------
qc_reporting        1              1              1
total               1              1              1

Select jobs to execute...

[Sun Jun 25 23:13:00 2023]
rule qc_reporting:
    input: /Users/gch21/Desktop/ONT-data
    output: /Users/gch21/Desktop/ONT-pipe_results
    jobid: 0
    reason: Missing output files: /Users/gch21/Desktop/ONT-pipe_results
    resources: tmpdir=/var/folders/ft/n26zr5t90g75tssl4npdvnlr0000gp/T

ImproperOutputException in rule qc_reporting in file /Users/gch21/Desktop/ONT-pipe/Snakefile, line 7:
Outputs of incorrect type (directories when expecting files or vice versa). Output directories must be flagged with directory(). for rule qc_reporting:
    output: /Users/gch21/Desktop/ONT-pipe_results
    affected files:
        /Users/gch21/Desktop/ONT-pipe_results
Removing output files of failed job qc_reporting since they might be corrupted:
/Users/gch21/Desktop/ONT-pipe_results
[Errno 66] Directory not empty: '/Users/gch21/Desktop/ONT-pipe_results'
Shutting down, this might take some time.
Exiting because a job execution failed. Look above for error message
Complete log: .snakemake/log/2023-06-25T231300.430501.snakemake.log
