Building DAG of jobs...
Using shell: /bin/bash
Provided cores: 4
Rules claiming more threads will be scaled down.
Job stats:
job                    count    min threads    max threads
-------------------  -------  -------------  -------------
qc_reporting_fastqc        1              1              1
total                      1              1              1

Select jobs to execute...

[Wed Jul  5 01:01:31 2023]
rule qc_reporting_fastqc:
    input: /Users/gch21/Desktop/ONT-data
    output: /Users/gch21/Desktop/ONT-data/Results/fastqc_results
    jobid: 0
    reason: Missing output files: /Users/gch21/Desktop/ONT-data/Results/fastqc_results
    wildcards: input=/Users/gch21/Desktop/ONT-data
    resources: tmpdir=/var/folders/ft/n26zr5t90g75tssl4npdvnlr0000gp/T

Activating conda environment: fastqc
[Wed Jul  5 01:02:10 2023]
Finished job 0.
1 of 1 steps (100%) done
Complete log: .snakemake/log/2023-07-05T010131.366119.snakemake.log
