Building DAG of jobs...
Using shell: /bin/bash
Provided cores: 4
Rules claiming more threads will be scaled down.
Job stats:
job        count    min threads    max threads
-------  -------  -------------  -------------
chopper        1              1              1
total          1              1              1

Select jobs to execute...

[Sun Jul 23 16:46:29 2023]
rule chopper:
    input: /Users/gch21/Desktop/ONT-pipe/test_data/20230316_1657_MN27902_FAO64683_3af5b031
    output: /Users/gch21/Desktop/ONT-pipe/test_data/20230316_1657_MN27902_FAO64683_3af5b031/Results/results_chopper
    jobid: 0
    reason: Missing output files: /Users/gch21/Desktop/ONT-pipe/test_data/20230316_1657_MN27902_FAO64683_3af5b031/Results/results_chopper
    wildcards: input=/Users/gch21/Desktop/ONT-pipe/test_data/20230316_1657_MN27902_FAO64683_3af5b031
    resources: tmpdir=/var/folders/ft/n26zr5t90g75tssl4npdvnlr0000gp/T

Activating conda environment: chopper
[Sun Jul 23 16:46:30 2023]
Error in rule chopper:
    jobid: 0
    input: /Users/gch21/Desktop/ONT-pipe/test_data/20230316_1657_MN27902_FAO64683_3af5b031
    output: /Users/gch21/Desktop/ONT-pipe/test_data/20230316_1657_MN27902_FAO64683_3af5b031/Results/results_chopper
    conda-env: chopper
    shell:
        for i in 01 02 03 04 05 06 07 08 09 10 11 12; do gunzip -c barcode$i/*.fastq.gz | chopper --minlength 2000 --maxlength 50000 | gzip > filtered_reads_barcode$i.fastq.gz; done && mkdir /Users/gch21/Desktop/ONT-pipe/test_data/20230316_1657_MN27902_FAO64683_3af5b031/Results/results_chopper
        (one of the commands exited with non-zero exit code; note that snakemake uses bash strict mode!)

Shutting down, this might take some time.
Exiting because a job execution failed. Look above for error message
Complete log: .snakemake/log/2023-07-23T164629.754998.snakemake.log
