Building DAG of jobs...
Using shell: /bin/bash
Provided cores: 4
Rules claiming more threads will be scaled down.
Job stats:
job             count    min threads    max threads
------------  -------  -------------  -------------
qc_reporting        1              1              1
total               1              1              1

Select jobs to execute...

[Mon Jun 26 00:22:27 2023]
rule qc_reporting:
    input: /Users/gch21/Desktop/ONT-data
    jobid: 0
    reason: Rules with a run or shell declaration but no output are always executed.
    resources: tmpdir=/var/folders/ft/n26zr5t90g75tssl4npdvnlr0000gp/T

[Mon Jun 26 00:22:28 2023]
Error in rule qc_reporting:
    jobid: 0
    input: /Users/gch21/Desktop/ONT-data
    shell:
        fastqc --help
        (one of the commands exited with non-zero exit code; note that snakemake uses bash strict mode!)

Shutting down, this might take some time.
Exiting because a job execution failed. Look above for error message
Complete log: .snakemake/log/2023-06-26T002227.538378.snakemake.log
