Building DAG of jobs...
Using shell: /bin/bash
Provided cores: 4
Rules claiming more threads will be scaled down.
Job stats:
job                    count    min threads    max threads
-------------------  -------  -------------  -------------
qc_reporting_fastqc        1              1              1
total                      1              1              1

Select jobs to execute...

[Thu Jul 20 12:06:56 2023]
rule qc_reporting_fastqc:
    input: /Users/gch21/Desktop/ONT-pipe/test_data/20230316_1657_MN27902_FAO64683_3af5b031
    output: /Users/gch21/Desktop/ONT-pipe/test_data/20230316_1657_MN27902_FAO64683_3af5b031/Results/fastqc_results
    jobid: 0
    reason: Missing output files: /Users/gch21/Desktop/ONT-pipe/test_data/20230316_1657_MN27902_FAO64683_3af5b031/Results/fastqc_results
    wildcards: input=/Users/gch21/Desktop/ONT-pipe/test_data/20230316_1657_MN27902_FAO64683_3af5b031
    resources: tmpdir=/var/folders/ft/n26zr5t90g75tssl4npdvnlr0000gp/T

Activating conda environment: fastqc
[Thu Jul 20 12:07:35 2023]
Finished job 0.
1 of 1 steps (100%) done
Complete log: .snakemake/log/2023-07-20T120656.707865.snakemake.log
