Building DAG of jobs...
Using shell: /bin/bash
Provided cores: 4
Rules claiming more threads will be scaled down.
Conda environments: ignored
Job stats:
job                    count    min threads    max threads
-------------------  -------  -------------  -------------
qc_reporting_fastqc        1              1              1
qc_reporting_minion        1              1              1
total                      2              1              1

Select jobs to execute...

[Mon Jun 26 02:02:40 2023]
rule qc_reporting_minion:
    input: /Users/gch21/Desktop/ONT-data
    output: /Users/gch21/Desktop/ONT-data/Results/minion_qc_results
    jobid: 1
    reason: Missing output files: /Users/gch21/Desktop/ONT-data/Results/minion_qc_results
    wildcards: input=/Users/gch21/Desktop/ONT-data
    resources: tmpdir=/var/folders/ft/n26zr5t90g75tssl4npdvnlr0000gp/T

[Mon Jun 26 02:06:29 2023]
Finished job 1.
1 of 2 steps (50%) done
Select jobs to execute...

[Mon Jun 26 02:06:29 2023]
rule qc_reporting_fastqc:
    input: /Users/gch21/Desktop/ONT-data, /Users/gch21/Desktop/ONT-data/Results/minion_qc_results
    output: /Users/gch21/Desktop/ONT-data/Results/fastqc_results
    jobid: 0
    reason: Missing output files: /Users/gch21/Desktop/ONT-data/Results/fastqc_results; Input files updated by another job: /Users/gch21/Desktop/ONT-data/Results/minion_qc_results
    wildcards: input=/Users/gch21/Desktop/ONT-data
    resources: tmpdir=/var/folders/ft/n26zr5t90g75tssl4npdvnlr0000gp/T

[Mon Jun 26 02:06:29 2023]
Error in rule qc_reporting_fastqc:
    jobid: 0
    input: /Users/gch21/Desktop/ONT-data, /Users/gch21/Desktop/ONT-data/Results/minion_qc_results
    output: /Users/gch21/Desktop/ONT-data/Results/fastqc_results
    conda-env: fastqc
    shell:
        fastqc -t 8 -o /Users/gch21/Desktop/ONT-data /Users/gch21/Desktop/ONT-data/Results/minion_qc_results/Results/fastqc_results /Users/gch21/Desktop/ONT-data /Users/gch21/Desktop/ONT-data/Results/minion_qc_results/fastq_pass/barcode01/*.fastq.gz
        (one of the commands exited with non-zero exit code; note that snakemake uses bash strict mode!)

Shutting down, this might take some time.
Exiting because a job execution failed. Look above for error message
Complete log: .snakemake/log/2023-06-26T020240.179559.snakemake.log
