Building DAG of jobs...
Using shell: /bin/bash
Provided cores: 4
Rules claiming more threads will be scaled down.
Conda environments: ignored
Job stats:
job                      count    min threads    max threads
---------------------  -------  -------------  -------------
qc_reporting_minionqc        1              1              1
total                        1              1              1

Select jobs to execute...

[Thu Jul 20 12:02:07 2023]
rule qc_reporting_minionqc:
    input: /Users/gch21/Desktop/ONT-pipe/test_data/20230316_1657_MN27902_FAO64683_3af5b031
    output: /Users/gch21/Desktop/ONT-pipe/test_data/20230316_1657_MN27902_FAO64683_3af5b031/Results/minion_qc_results
    jobid: 0
    reason: Missing output files: /Users/gch21/Desktop/ONT-pipe/test_data/20230316_1657_MN27902_FAO64683_3af5b031/Results/minion_qc_results
    wildcards: input=/Users/gch21/Desktop/ONT-pipe/test_data/20230316_1657_MN27902_FAO64683_3af5b031
    resources: tmpdir=/var/folders/ft/n26zr5t90g75tssl4npdvnlr0000gp/T

[Thu Jul 20 12:06:00 2023]
Finished job 0.
1 of 1 steps (100%) done
Complete log: .snakemake/log/2023-07-20T120207.554079.snakemake.log
